<?xml version="1.0" encoding="UTF-8"?>
<testsuite name="Open the tucumenpanama" tests="1" skipped="0" failures="0" errors="0" timestamp="2020-08-20T14:15:08" hostname="CPX-38INMCYZ7HW" time="26.631">
  <properties/>
  <testcase name="Seccesful Case" classname="Open the tucumenpanama" time="26.631"/>
  <system-out><![CDATA[]]></system-out>
  <system-err><![CDATA[Starting ChromeDriver 83.0.4103.39 (ccbf011cb2d2b19b506d844400483861342c20cd-refs/branch-heads/4103@{#416}) on port 17190
Only local connections are allowed.
Please see https://chromedriver.chromium.org/security-considerations for suggestions on keeping ChromeDriver safe.
ChromeDriver was started successfully.
[1597932913.967][WARNING]: This version of ChromeDriver has not been tested with Chrome version 84.
Aug 20, 2020 9:15:16 AM org.openqa.selenium.remote.ProtocolHandshake createSession
INFO: Detected dialect: W3C
[Test worker] INFO net.thucydides.core.steps.ConsoleLoggingListener - 
        __    _____ _____ ____ _____   ____   _    ____  ____  _____ ____  
  _     \ \  |_   _| ____/ ___|_   _| |  _ \ / \  / ___|/ ___|| ____|  _ \ 
 (_)_____| |   | | |  _| \___ \ | |   | |_) / _ \ \___ \\___ \|  _| | | | |
  _|_____| |   | | | |___ ___) || |   |  __/ ___ \ ___) |___) | |___| |_| |
 (_)     | |   |_| |_____|____/ |_|   |_| /_/   \_\____/|____/|_____|____/ 
        /_/                                                                

TEST PASSED: Seccesful Case
----------------------------------------------------------------------------
]]></system-err>
</testsuite>
